<?xml version="1.0" encoding="UTF-8"?>
<!-- Generated by org.testng.reporters.JUnitXMLReporter -->
<testsuite hostname="LAPTOP-OB639NRA" ignored="0" name="Test" tests="4" failures="0" timestamp="13 Apr 2024 11:22:32 GMT" time="2.388" errors="0">
  <testcase name="CreateUser1" time="2.161" classname="Day8_StudentApi.copy.CreateUser"/>
  <testcase name="GetUser1" time="0.125" classname="Day8_StudentApi.copy.GetUser"/>
  <testcase name="updateUser1" time="0.048" classname="Day8_StudentApi.copy.UpdateUser"/>
  <testcase name="daleteUser1" time="0.023" classname="Day8_StudentApi.copy.DeleteUser"/>
</testsuite> <!-- Test -->
